<?xml version="1.0" encoding="UTF-8" ?>
<testsuite tests="1" failures="0" name="multitier_log_agent.log_server.AppTest" time="0.005" errors="0" skipped="0">
  <properties>
    <property name="java.runtime.name" value="Java(TM) SE Runtime Environment"/>
    <property name="sun.boot.library.path" value="D:\Program Files (x86)\Java\jdk1.8.0_191\jre\bin"/>
    <property name="java.vm.version" value="25.191-b12"/>
    <property name="java.vm.vendor" value="Oracle Corporation"/>
    <property name="maven.multiModuleProjectDirectory" value="D:\桌面\lib\mine\日志工具源码\log_server"/>
    <property name="java.vendor.url" value="http://java.oracle.com/"/>
    <property name="path.separator" value=";"/>
    <property name="guice.disable.misplaced.annotation.check" value="true"/>
    <property name="java.vm.name" value="Java HotSpot(TM) Client VM"/>
    <property name="file.encoding.pkg" value="sun.io"/>
    <property name="user.script" value=""/>
    <property name="user.country" value="CN"/>
    <property name="sun.java.launcher" value="SUN_STANDARD"/>
    <property name="sun.os.patch.level" value=""/>
    <property name="java.vm.specification.name" value="Java Virtual Machine Specification"/>
    <property name="user.dir" value="D:\桌面\lib\mine\日志工具源码\log_server"/>
    <property name="java.runtime.version" value="1.8.0_191-b12"/>
    <property name="java.awt.graphicsenv" value="sun.awt.Win32GraphicsEnvironment"/>
    <property name="java.endorsed.dirs" value="D:\Program Files (x86)\Java\jdk1.8.0_191\jre\lib\endorsed"/>
    <property name="os.arch" value="x86"/>
    <property name="java.io.tmpdir" value="D:\Temp\"/>
    <property name="line.separator" value="
"/>
    <property name="java.vm.specification.vendor" value="Oracle Corporation"/>
    <property name="user.variant" value=""/>
    <property name="os.name" value="Windows 10"/>
    <property name="maven.ext.class.path" value="D:\Program Files\JetBrains\IntelliJ IDEA 2019.3.5\plugins\maven\lib\maven-event-listener.jar"/>
    <property name="classworlds.conf" value="D:\Program Files\JetBrains\IntelliJ IDEA 2019.3.5\plugins\maven\lib\maven3\bin\m2.conf"/>
    <property name="sun.jnu.encoding" value="GBK"/>
    <property name="java.library.path" value="D:\Program Files (x86)\Java\jdk1.8.0_191\bin;C:\WINDOWS\Sun\Java\bin;C:\WINDOWS\system32;C:\WINDOWS;D:\apache-ant-1.9.16\bin;C:\Program Files (x86)\Common Files\Intel\Shared Libraries\redist\intel64\compiler;D:\Program Files (x86)\Java\jdk1.8.0_191\bin;C:\Program Files (x86)\Intel\iCLS Client\;C:\Program Files\Intel\iCLS Client\;C:\Windows\system32;C:\Windows;C:\Windows\System32\Wbem;C:\Windows\System32\WindowsPowerShell\v1.0\;C:\Program Files (x86)\NVIDIA Corporation\PhysX\Common;C:\Program Files (x86)\Intel\Intel(R) Management Engine Components\DAL;C:\Program Files\Intel\Intel(R) Management Engine Components\DAL;C:\Program Files (x86)\Intel\Intel(R) Management Engine Components\IPT;C:\Program Files\Intel\Intel(R) Management Engine Components\IPT;C:\Program Files\Intel\WiFi\bin\;&quot;;D:\Program Files\Apache Software Foundation\Tomcat 9.0\bin;C:\Program Files\Common Files\Intel\WirelessCommon\;C:\WINDOWS\system32;C:\WINDOWS;C:\WINDOWS\System32\Wbem;C:\WINDOWS\System32\WindowsPowerShell\v1.0\;C:\windows\system32;C:\windows;C:\windows\System32\Wbem;C:\WINDOWS\System32\OpenSSH\;C:\Program Files\Common Files\Autodesk Shared\;D:\QTSystem\;C:\Program Files\dotnet\;C:\Program Files (x86)\Microsoft SQL Server\100\Tools\Binn\;C:\Program Files\Microsoft SQL Server\100\Tools\Binn\;C:\Program Files\Microsoft SQL Server\100\DTS\Binn\;C:\Program Files (x86)\Microsoft SQL Server\100\Tools\Binn\VSShell\Common7\IDE\;C:\Program Files (x86)\Microsoft Visual Studio 9.0\Common7\IDE\PrivateAssemblies\;D:\Program Files (x86)\Java\jdk1.8.0_191\jre\bin;D:\MAVEN\apache-maven-3.6.3\bin;D:\Program Files\Git\cmd;D:\Program Files\bin;G:\MinGW\bin;D:\Program Files\Subversion\bin;D:\Program Files\TortoiseSVN\bin;D:\Program Files (x86)\Subversion\bin;D:\Program Files\VisualSVN Server\bin;C:\Program Files (x86)\Subversion\bin;G:\LLVM\bin;D:\Program Files\Graphviz 2.44.1\bin;D;D:\Program Files\Redis\;D:\hadoop\hadoop-common-2.2.0-bin-master\bin;C:\Users\11707\AppData\Local\Android\SDK\tools;C:\Users\11707\AppData\Local\Android\SDK\platform-tools;pytesseract;H:\gitlab\deploytest\nginx-1.19.0;D:\Xshell 7\;H:\gitlab\Nodejs\node_global;D:\Program Files\TortoiseGit\bin&quot;;D:\MAVEN\apache-maven-3.6.3\bin;C:\Program Files\Microsoft SQL Server\130\Tools\Binn\;D:\Program Files (x86)\Java\jdk1.8.0_191\jre\bin;D:\Program Files\nodejs\;D:\Program Files\nodejs\node_global;C:\Python27\Scripts;C:\Python27;D:\桌面\lib\组件识别实验\arcade-master\mallet-2.0.6\bin;C:\Python27\Scripts;C:\Python27\;C:\Program Files\MySQL\MySQL Shell 8.0\bin\;C:\Users\11707\AppData\Local\Microsoft\WindowsApps;D:\Program Files\JetBrains\IntelliJ IDEA 2019.3.3\bin;;D:\MongoDB\mongodb\bin;D:\Program Files\JetBrains\IntelliJ IDEA Community Edition 2020.2\bin;;D:\Program Files\bin;D:\Program Files\JetBrains\PyCharm Community Edition 2020.3.2\bin;;D:\Program Files\pytesseractOCR;H:\gitlab\Nodejs\node_global;C:\Users\11707\AppData\Roaming\npm;D:\Program Files\nodejs\node_global;;."/>
    <property name="maven.conf" value="D:\Program Files\JetBrains\IntelliJ IDEA 2019.3.5\plugins\maven\lib\maven3/conf"/>
    <property name="java.specification.name" value="Java Platform API Specification"/>
    <property name="java.class.version" value="52.0"/>
    <property name="sun.management.compiler" value="HotSpot Client Compiler"/>
    <property name="idea.version2019.3.5" value="true"/>
    <property name="os.version" value="10.0"/>
    <property name="user.home" value="C:\Users\11707"/>
    <property name="user.timezone" value="Asia/Shanghai"/>
    <property name="java.awt.printerjob" value="sun.awt.windows.WPrinterJob"/>
    <property name="java.specification.version" value="1.8"/>
    <property name="file.encoding" value="UTF-8"/>
    <property name="user.name" value="11707"/>
    <property name="java.class.path" value="D:\Program Files\JetBrains\IntelliJ IDEA 2019.3.5\plugins\maven\lib\maven3\boot\plexus-classworlds-2.6.0.jar;D:\Program Files\JetBrains\IntelliJ IDEA 2019.3.5\lib\idea_rt.jar"/>
    <property name="java.vm.specification.version" value="1.8"/>
    <property name="sun.arch.data.model" value="32"/>
    <property name="java.home" value="D:\Program Files (x86)\Java\jdk1.8.0_191\jre"/>
    <property name="sun.java.command" value="org.codehaus.classworlds.Launcher -Didea.version2019.3.5 package"/>
    <property name="java.specification.vendor" value="Oracle Corporation"/>
    <property name="user.language" value="zh"/>
    <property name="awt.toolkit" value="sun.awt.windows.WToolkit"/>
    <property name="java.vm.info" value="mixed mode"/>
    <property name="java.version" value="1.8.0_191"/>
    <property name="java.ext.dirs" value="D:\Program Files (x86)\Java\jdk1.8.0_191\jre\lib\ext;C:\WINDOWS\Sun\Java\lib\ext"/>
    <property name="sun.boot.class.path" value="D:\Program Files (x86)\Java\jdk1.8.0_191\jre\lib\resources.jar;D:\Program Files (x86)\Java\jdk1.8.0_191\jre\lib\rt.jar;D:\Program Files (x86)\Java\jdk1.8.0_191\jre\lib\sunrsasign.jar;D:\Program Files (x86)\Java\jdk1.8.0_191\jre\lib\jsse.jar;D:\Program Files (x86)\Java\jdk1.8.0_191\jre\lib\jce.jar;D:\Program Files (x86)\Java\jdk1.8.0_191\jre\lib\charsets.jar;D:\Program Files (x86)\Java\jdk1.8.0_191\jre\lib\jfr.jar;D:\Program Files (x86)\Java\jdk1.8.0_191\jre\classes"/>
    <property name="java.vendor" value="Oracle Corporation"/>
    <property name="maven.home" value="D:\Program Files\JetBrains\IntelliJ IDEA 2019.3.5\plugins\maven\lib\maven3"/>
    <property name="file.separator" value="\"/>
    <property name="java.vendor.url.bug" value="http://bugreport.sun.com/bugreport/"/>
    <property name="sun.cpu.endian" value="little"/>
    <property name="sun.io.unicode.encoding" value="UnicodeLittle"/>
    <property name="sun.desktop" value="windows"/>
    <property name="sun.cpu.isalist" value="pentium_pro+mmx pentium_pro pentium+mmx pentium i486 i386 i86"/>
  </properties>
  <testcase classname="multitier_log_agent.log_server.AppTest" name="testApp" time="0.005"/>
</testsuite>